<?xml version="1.0" encoding="utf-8" standalone="no"?>
<!--This file represents the results of running a test suite-->
<test-results name="D:\workfolder\C#\Library\DotNetCommon\DotNetCommon.Test\bin\Debug\DotNetCommon.Test.exe" total="1" errors="0" failures="0" not-run="0" inconclusive="0" ignored="0" skipped="0" invalid="0" date="2014-09-24" time="23:40:33">
  <environment nunit-version="2.6.3.13283" clr-version="2.0.50727.5485" os-version="Microsoft Windows NT 6.1.7601 Service Pack 1" platform="Win32NT" cwd="E:\software\Nunit-2.6.3" machine-name="QY-PC" user="qy" user-domain="qy-PC" />
  <culture-info current-culture="zh-CN" current-uiculture="zh-CN" />
  <test-suite type="Assembly" name="D:\workfolder\C#\Library\DotNetCommon\DotNetCommon.Test\bin\Debug\DotNetCommon.Test.exe" executed="True" result="Success" success="True" time="0.004" asserts="0">
    <results>
      <test-suite type="Namespace" name="DotNetCommon" executed="True" result="Success" success="True" time="0.003" asserts="0">
        <results>
          <test-suite type="Namespace" name="Test" executed="True" result="Success" success="True" time="0.003" asserts="0">
            <results>
              <test-suite type="Namespace" name="Data" executed="True" result="Success" success="True" time="0.002" asserts="0">
                <results>
                  <test-suite type="TestFixture" name="DataTest" executed="True" result="Success" success="True" time="0.001" asserts="0">
                    <results>
                      <test-case name="DotNetCommon.Test.Data.DataTest.DataTableToList" executed="True" result="Success" success="True" time="0.000" asserts="1" />
                    </results>
                  </test-suite>
                </results>
              </test-suite>
            </results>
          </test-suite>
        </results>
      </test-suite>
    </results>
  </test-suite>
</test-results>